2025-08-07 13:09:03.707 +03:00 [INF] User profile is available. Using '/Users/mac/.aspnet/DataProtection-Keys' as key repository; keys will not be encrypted at rest.
2025-08-07 13:09:04.006 +03:00 [WRN] The WebRootPath was not found: /Users/mac/Downloads/ErrorSender_v1/ErrSendWebApi/wwwroot. Static files may be unavailable.
2025-08-07 13:09:04.024 +03:00 [INF] Now listening on: http://localhost:5001
2025-08-07 13:09:04.026 +03:00 [INF] Application started. Press Ctrl+C to shut down.
2025-08-07 13:09:04.026 +03:00 [INF] Hosting environment: Development
2025-08-07 13:09:04.026 +03:00 [INF] Content root path: /Users/mac/Downloads/ErrorSender_v1/ErrSendWebApi
2025-08-07 13:09:11.358 +03:00 [INF] Request starting HTTP/1.1 GET http://localhost:5001/index.html - null null
2025-08-07 13:09:11.680 +03:00 [INF] Request finished HTTP/1.1 GET http://localhost:5001/index.html - 200 null text/html;charset=utf-8 323.9812ms
2025-08-07 13:09:11.712 +03:00 [INF] Request starting HTTP/1.1 GET http://localhost:5001/swagger/Ui/theme-feeling-blue.css - null null
2025-08-07 13:09:11.745 +03:00 [WRN] Failed to determine the https port for redirect.
2025-08-07 13:09:11.793 +03:00 [INF] Request finished HTTP/1.1 GET http://localhost:5001/swagger/Ui/theme-feeling-blue.css - 404 0 null 79.8858ms
2025-08-07 13:09:11.796 +03:00 [INF] Request reached the end of the middleware pipeline without being handled by application code. Request path: GET http://localhost:5001/swagger/Ui/theme-feeling-blue.css, Response status code: 404
2025-08-07 13:09:11.990 +03:00 [INF] Request starting HTTP/1.1 GET http://localhost:5001/swagger/v1/swagger.json - null null
2025-08-07 13:09:12.016 +03:00 [INF] Request starting HTTP/1.1 GET http://localhost:5001/favicon-32x32.png - null null
2025-08-07 13:09:12.026 +03:00 [INF] Sending file. Request path: '/favicon-32x32.png'. Physical path: 'N/A'
2025-08-07 13:09:12.027 +03:00 [INF] Request finished HTTP/1.1 GET http://localhost:5001/favicon-32x32.png - 200 628 image/png 10.7098ms
2025-08-07 13:09:12.153 +03:00 [INF] Request finished HTTP/1.1 GET http://localhost:5001/swagger/v1/swagger.json - 200 null application/json;charset=utf-8 163.0121ms
2025-08-07 13:09:37.399 +03:00 [INF] Request starting HTTP/1.1 POST http://localhost:5001/api/Test/GetJwtToken/JWT Токен - application/json 76
2025-08-07 13:09:37.405 +03:00 [INF] CORS policy execution successful.
2025-08-07 13:09:37.408 +03:00 [INF] Executing endpoint 'ErrSendWebApi.Controllers.TestController.GetJwtToken (ErrSendWebApi)'
2025-08-07 13:09:37.430 +03:00 [INF] Route matched with {action = "GetJwtToken", controller = "Test"}. Executing controller action with signature System.Threading.Tasks.Task`1[Microsoft.AspNetCore.Mvc.ActionResult] GetJwtToken(ErrSendApplication.DTO.JwtTokenRequest) on controller ErrSendWebApi.Controllers.TestController (ErrSendWebApi).
2025-08-07 13:09:37.484 +03:00 [INF] Executing action method ErrSendWebApi.Controllers.TestController.GetJwtToken (ErrSendWebApi) - Validation state: "Valid"
2025-08-07 13:09:37.502 +03:00 [INF] Request: GenerateJwtTokenCommand --- {"Login":"admin1","Password":"pass1","Roles":["Admin"],"$type":"GenerateJwtTokenCommand"} 
2025-08-07 13:09:37.550 +03:00 [INF] Executed action method ErrSendWebApi.Controllers.TestController.GetJwtToken (ErrSendWebApi), returned result Microsoft.AspNetCore.Mvc.OkObjectResult in 59.0922ms.
2025-08-07 13:09:37.559 +03:00 [INF] Executing OkObjectResult, writing value of type 'ErrSendApplication.DTO.JwtTokenResponse'.
2025-08-07 13:09:37.567 +03:00 [INF] Executed action ErrSendWebApi.Controllers.TestController.GetJwtToken (ErrSendWebApi) in 133.0031ms
2025-08-07 13:09:37.567 +03:00 [INF] Executed endpoint 'ErrSendWebApi.Controllers.TestController.GetJwtToken (ErrSendWebApi)'
2025-08-07 13:09:37.568 +03:00 [INF] Request finished HTTP/1.1 POST http://localhost:5001/api/Test/GetJwtToken/JWT Токен - 200 null application/json; charset=utf-8 168.2962ms
2025-08-07 13:10:37.933 +03:00 [INF] Request starting HTTP/1.1 POST http://localhost:5001/api/Test/SendTelegramMessage/Відправка тестового повідомлення в Telegram - application/json 168
2025-08-07 13:10:37.935 +03:00 [INF] CORS policy execution successful.
2025-08-07 13:10:38.045 +03:00 [INF] Failed to validate the token.
Microsoft.IdentityModel.Tokens.SecurityTokenSignatureKeyNotFoundException: IDX10517: Signature validation failed. The token's kid is missing. Keys tried: 'Microsoft.IdentityModel.Tokens.SymmetricSecurityKey, KeyId: '', InternalId: '-o0El9z2gRvzYHuRavWQmqDFH1nL6wAN6shulqjI15E'. , KeyId: 
'. Number of keys in TokenValidationParameters: '1'. 
Number of keys in Configuration: '0'. 
Exceptions caught:
 '[PII of type 'System.Text.StringBuilder' is hidden. For more details, see https://aka.ms/IdentityModel/PII.]'.
token: '[PII of type 'Microsoft.IdentityModel.JsonWebTokens.JsonWebToken' is hidden. For more details, see https://aka.ms/IdentityModel/PII.]'. See https://aka.ms/IDX10503 for details.
   at Microsoft.IdentityModel.JsonWebTokens.JsonWebTokenHandler.ValidateSignature(JsonWebToken jwtToken, TokenValidationParameters validationParameters, BaseConfiguration configuration)
   at Microsoft.IdentityModel.JsonWebTokens.JsonWebTokenHandler.ValidateSignatureAndIssuerSecurityKey(JsonWebToken jsonWebToken, TokenValidationParameters validationParameters, BaseConfiguration configuration)
   at Microsoft.IdentityModel.JsonWebTokens.JsonWebTokenHandler.ValidateJWSAsync(JsonWebToken jsonWebToken, TokenValidationParameters validationParameters, BaseConfiguration configuration)
2025-08-07 13:10:38.047 +03:00 [INF] Bearer was not authenticated. Failure message: IDX10517: Signature validation failed. The token's kid is missing. Keys tried: 'Microsoft.IdentityModel.Tokens.SymmetricSecurityKey, KeyId: '', InternalId: '-o0El9z2gRvzYHuRavWQmqDFH1nL6wAN6shulqjI15E'. , KeyId: 
'. Number of keys in TokenValidationParameters: '1'. 
Number of keys in Configuration: '0'. 
Exceptions caught:
 '[PII of type 'System.Text.StringBuilder' is hidden. For more details, see https://aka.ms/IdentityModel/PII.]'.
token: '[PII of type 'Microsoft.IdentityModel.JsonWebTokens.JsonWebToken' is hidden. For more details, see https://aka.ms/IdentityModel/PII.]'. See https://aka.ms/IDX10503 for details.
2025-08-07 13:10:38.051 +03:00 [INF] Authorization failed. These requirements were not met:
RolesAuthorizationRequirement:User.IsInRole must be true for one of the following roles: (Admin|User)
2025-08-07 13:10:38.068 +03:00 [INF] AuthenticationScheme: Bearer was challenged.
2025-08-07 13:10:38.068 +03:00 [INF] Request finished HTTP/1.1 POST http://localhost:5001/api/Test/SendTelegramMessage/Відправка тестового повідомлення в Telegram - 401 0 null 135.4877ms
2025-08-07 13:11:09.001 +03:00 [INF] Request starting HTTP/1.1 POST http://localhost:5001/api/Test/SendTelegramMessage/Відправка тестового повідомлення в Telegram - application/json 168
2025-08-07 13:11:09.001 +03:00 [INF] CORS policy execution successful.
2025-08-07 13:11:09.005 +03:00 [INF] Failed to validate the token.
Microsoft.IdentityModel.Tokens.SecurityTokenSignatureKeyNotFoundException: IDX10517: Signature validation failed. The token's kid is missing. Keys tried: 'Microsoft.IdentityModel.Tokens.SymmetricSecurityKey, KeyId: '', InternalId: '-o0El9z2gRvzYHuRavWQmqDFH1nL6wAN6shulqjI15E'. , KeyId: 
'. Number of keys in TokenValidationParameters: '1'. 
Number of keys in Configuration: '0'. 
Exceptions caught:
 '[PII of type 'System.Text.StringBuilder' is hidden. For more details, see https://aka.ms/IdentityModel/PII.]'.
token: '[PII of type 'Microsoft.IdentityModel.JsonWebTokens.JsonWebToken' is hidden. For more details, see https://aka.ms/IdentityModel/PII.]'. See https://aka.ms/IDX10503 for details.
   at Microsoft.IdentityModel.JsonWebTokens.JsonWebTokenHandler.ValidateSignature(JsonWebToken jwtToken, TokenValidationParameters validationParameters, BaseConfiguration configuration)
   at Microsoft.IdentityModel.JsonWebTokens.JsonWebTokenHandler.ValidateSignatureAndIssuerSecurityKey(JsonWebToken jsonWebToken, TokenValidationParameters validationParameters, BaseConfiguration configuration)
   at Microsoft.IdentityModel.JsonWebTokens.JsonWebTokenHandler.ValidateJWSAsync(JsonWebToken jsonWebToken, TokenValidationParameters validationParameters, BaseConfiguration configuration)
2025-08-07 13:11:09.006 +03:00 [INF] Bearer was not authenticated. Failure message: IDX10517: Signature validation failed. The token's kid is missing. Keys tried: 'Microsoft.IdentityModel.Tokens.SymmetricSecurityKey, KeyId: '', InternalId: '-o0El9z2gRvzYHuRavWQmqDFH1nL6wAN6shulqjI15E'. , KeyId: 
'. Number of keys in TokenValidationParameters: '1'. 
Number of keys in Configuration: '0'. 
Exceptions caught:
 '[PII of type 'System.Text.StringBuilder' is hidden. For more details, see https://aka.ms/IdentityModel/PII.]'.
token: '[PII of type 'Microsoft.IdentityModel.JsonWebTokens.JsonWebToken' is hidden. For more details, see https://aka.ms/IdentityModel/PII.]'. See https://aka.ms/IDX10503 for details.
2025-08-07 13:11:09.092 +03:00 [INF] Authorization failed. These requirements were not met:
RolesAuthorizationRequirement:User.IsInRole must be true for one of the following roles: (Admin|User)
2025-08-07 13:11:09.119 +03:00 [INF] AuthenticationScheme: Bearer was challenged.
2025-08-07 13:11:09.119 +03:00 [INF] Request finished HTTP/1.1 POST http://localhost:5001/api/Test/SendTelegramMessage/Відправка тестового повідомлення в Telegram - 401 0 null 118.1793ms
2025-08-07 13:11:58.819 +03:00 [INF] Request starting HTTP/1.1 POST http://localhost:5001/api/Test/GetJwtToken/JWT Токен - application/json 74
2025-08-07 13:11:58.819 +03:00 [INF] CORS policy execution successful.
2025-08-07 13:11:58.819 +03:00 [INF] Executing endpoint 'ErrSendWebApi.Controllers.TestController.GetJwtToken (ErrSendWebApi)'
2025-08-07 13:11:58.820 +03:00 [INF] Route matched with {action = "GetJwtToken", controller = "Test"}. Executing controller action with signature System.Threading.Tasks.Task`1[Microsoft.AspNetCore.Mvc.ActionResult] GetJwtToken(ErrSendApplication.DTO.JwtTokenRequest) on controller ErrSendWebApi.Controllers.TestController (ErrSendWebApi).
2025-08-07 13:11:58.821 +03:00 [INF] Executing action method ErrSendWebApi.Controllers.TestController.GetJwtToken (ErrSendWebApi) - Validation state: "Valid"
2025-08-07 13:11:58.822 +03:00 [INF] Request: GenerateJwtTokenCommand --- {"Login":"Admin","Password":"Root","Roles":["Admin"],"$type":"GenerateJwtTokenCommand"} 
2025-08-07 13:11:58.823 +03:00 [INF] Executed action method ErrSendWebApi.Controllers.TestController.GetJwtToken (ErrSendWebApi), returned result Microsoft.AspNetCore.Mvc.OkObjectResult in 2.1148ms.
2025-08-07 13:11:58.823 +03:00 [INF] Executing OkObjectResult, writing value of type 'ErrSendApplication.DTO.JwtTokenResponse'.
2025-08-07 13:11:58.824 +03:00 [INF] Executed action ErrSendWebApi.Controllers.TestController.GetJwtToken (ErrSendWebApi) in 3.9204ms
2025-08-07 13:11:58.824 +03:00 [INF] Executed endpoint 'ErrSendWebApi.Controllers.TestController.GetJwtToken (ErrSendWebApi)'
2025-08-07 13:11:58.824 +03:00 [INF] Request finished HTTP/1.1 POST http://localhost:5001/api/Test/GetJwtToken/JWT Токен - 200 null application/json; charset=utf-8 4.9944ms
2025-08-07 13:12:20.574 +03:00 [INF] Request starting HTTP/1.1 POST http://localhost:5001/api/Test/SendTelegramMessage/Відправка тестового повідомлення в Telegram - application/json 168
2025-08-07 13:12:20.574 +03:00 [INF] CORS policy execution successful.
2025-08-07 13:12:20.577 +03:00 [INF] Failed to validate the token.
System.ArgumentException: IDX14102: Unable to decode the header '[PII of type 'Microsoft.IdentityModel.Logging.SecurityArtifact' is hidden. For more details, see https://aka.ms/IdentityModel/PII.]' as Base64Url encoded string.
 ---> System.Text.Json.JsonReaderException: '0xC8' is an invalid start of a value. LineNumber: 0 | BytePositionInLine: 0.
   at System.Text.Json.ThrowHelper.ThrowJsonReaderException(Utf8JsonReader& json, ExceptionResource resource, Byte nextByte, ReadOnlySpan`1 bytes)
   at System.Text.Json.Utf8JsonReader.ConsumeValue(Byte marker)
   at System.Text.Json.Utf8JsonReader.ReadFirstToken(Byte first)
   at System.Text.Json.Utf8JsonReader.ReadSingleSegment()
   at System.Text.Json.Utf8JsonReader.Read()
   at Microsoft.IdentityModel.Tokens.Json.JsonSerializerPrimitives.IsReaderAtTokenType(Utf8JsonReader& reader, JsonTokenType tokenType, Boolean advanceReader)
   at Microsoft.IdentityModel.JsonWebTokens.JsonWebToken.CreateHeaderClaimSet(ReadOnlySpan`1 byteSpan)
   at Microsoft.IdentityModel.JsonWebTokens.JsonWebToken.CreateClaimSet(ReadOnlySpan`1 strSpan, Int32 startIndex, Int32 length, Boolean createHeaderClaimSet)
   at Microsoft.IdentityModel.JsonWebTokens.JsonWebToken.ReadToken(ReadOnlyMemory`1 encodedTokenMemory)
   --- End of inner exception stack trace ---
   at Microsoft.IdentityModel.JsonWebTokens.JsonWebToken.ReadToken(ReadOnlyMemory`1 encodedTokenMemory)
   at Microsoft.IdentityModel.JsonWebTokens.JsonWebToken..ctor(String jwtEncodedString, TryReadJwtClaim tryReadJwtClaim)
   at Microsoft.IdentityModel.JsonWebTokens.JsonWebTokenHandler.ReadToken(String token, TokenValidationParameters validationParameters)
2025-08-07 13:12:20.578 +03:00 [INF] Bearer was not authenticated. Failure message: IDX14102: Unable to decode the header '[PII of type 'Microsoft.IdentityModel.Logging.SecurityArtifact' is hidden. For more details, see https://aka.ms/IdentityModel/PII.]' as Base64Url encoded string.
2025-08-07 13:12:20.579 +03:00 [INF] Authorization failed. These requirements were not met:
RolesAuthorizationRequirement:User.IsInRole must be true for one of the following roles: (Admin|User)
2025-08-07 13:12:20.579 +03:00 [INF] AuthenticationScheme: Bearer was challenged.
2025-08-07 13:12:20.579 +03:00 [INF] Request finished HTTP/1.1 POST http://localhost:5001/api/Test/SendTelegramMessage/Відправка тестового повідомлення в Telegram - 401 0 null 5.8527ms
2025-08-07 13:28:42.121 +03:00 [INF] Application is shutting down...
2025-08-07 13:28:50.488 +03:00 [INF] User profile is available. Using '/Users/mac/.aspnet/DataProtection-Keys' as key repository; keys will not be encrypted at rest.
2025-08-07 13:28:50.722 +03:00 [WRN] The WebRootPath was not found: /Users/mac/Downloads/ErrorSender_v1/ErrSendWebApi/wwwroot. Static files may be unavailable.
2025-08-07 13:28:50.734 +03:00 [INF] Now listening on: http://localhost:5001
2025-08-07 13:28:50.736 +03:00 [INF] Application started. Press Ctrl+C to shut down.
2025-08-07 13:28:50.736 +03:00 [INF] Hosting environment: Development
2025-08-07 13:28:50.736 +03:00 [INF] Content root path: /Users/mac/Downloads/ErrorSender_v1/ErrSendWebApi
2025-08-07 13:28:56.809 +03:00 [INF] Request starting HTTP/1.1 GET http://localhost:5001/index.html - null null
2025-08-07 13:28:56.948 +03:00 [INF] Request finished HTTP/1.1 GET http://localhost:5001/index.html - 200 null text/html;charset=utf-8 140.2578ms
2025-08-07 13:28:56.973 +03:00 [INF] Request starting HTTP/1.1 GET http://localhost:5001/swagger/Ui/theme-feeling-blue.css - null null
2025-08-07 13:28:57.009 +03:00 [WRN] Failed to determine the https port for redirect.
2025-08-07 13:28:57.045 +03:00 [INF] Request finished HTTP/1.1 GET http://localhost:5001/swagger/Ui/theme-feeling-blue.css - 404 0 null 71.294ms
2025-08-07 13:28:57.049 +03:00 [INF] Request reached the end of the middleware pipeline without being handled by application code. Request path: GET http://localhost:5001/swagger/Ui/theme-feeling-blue.css, Response status code: 404
2025-08-07 13:28:57.227 +03:00 [INF] Request starting HTTP/1.1 GET http://localhost:5001/swagger/v1/swagger.json - null null
2025-08-07 13:28:57.587 +03:00 [INF] Request finished HTTP/1.1 GET http://localhost:5001/swagger/v1/swagger.json - 200 null application/json;charset=utf-8 360.7355ms
2025-08-07 13:29:19.982 +03:00 [INF] Request starting HTTP/1.1 POST http://localhost:5001/api/Test/GetJwtToken/JWT Токен - application/json 75
2025-08-07 13:29:19.988 +03:00 [INF] CORS policy execution successful.
2025-08-07 13:29:19.991 +03:00 [INF] Executing endpoint 'ErrSendWebApi.Controllers.TestController.GetJwtToken (ErrSendWebApi)'
2025-08-07 13:29:20.014 +03:00 [INF] Route matched with {action = "GetJwtToken", controller = "Test"}. Executing controller action with signature System.Threading.Tasks.Task`1[Microsoft.AspNetCore.Mvc.ActionResult] GetJwtToken(ErrSendApplication.DTO.JwtTokenRequest) on controller ErrSendWebApi.Controllers.TestController (ErrSendWebApi).
2025-08-07 13:29:20.069 +03:00 [INF] Executing action method ErrSendWebApi.Controllers.TestController.GetJwtToken (ErrSendWebApi) - Validation state: "Valid"
2025-08-07 13:29:20.087 +03:00 [INF] Request: GenerateJwtTokenCommand --- {"Login":"Admun","Password":"Admin","Roles":["Admin"],"$type":"GenerateJwtTokenCommand"} 
2025-08-07 13:29:20.131 +03:00 [INF] Executed action method ErrSendWebApi.Controllers.TestController.GetJwtToken (ErrSendWebApi), returned result Microsoft.AspNetCore.Mvc.OkObjectResult in 55.6966ms.
2025-08-07 13:29:20.139 +03:00 [INF] Executing OkObjectResult, writing value of type 'ErrSendApplication.DTO.JwtTokenResponse'.
2025-08-07 13:29:20.147 +03:00 [INF] Executed action ErrSendWebApi.Controllers.TestController.GetJwtToken (ErrSendWebApi) in 128.5985ms
2025-08-07 13:29:20.147 +03:00 [INF] Executed endpoint 'ErrSendWebApi.Controllers.TestController.GetJwtToken (ErrSendWebApi)'
2025-08-07 13:29:20.147 +03:00 [INF] Request finished HTTP/1.1 POST http://localhost:5001/api/Test/GetJwtToken/JWT Токен - 200 null application/json; charset=utf-8 165.1546ms
2025-08-07 13:29:46.172 +03:00 [INF] Request starting HTTP/1.1 POST http://localhost:5001/api/Test/SendTelegramMessage/Відправка тестового повідомлення в Telegram - application/json 51
2025-08-07 13:29:46.174 +03:00 [INF] CORS policy execution successful.
2025-08-07 13:29:46.247 +03:00 [INF] Executing endpoint 'ErrSendWebApi.Controllers.TestController.SendTelegramMessage (ErrSendWebApi)'
2025-08-07 13:29:46.251 +03:00 [INF] Route matched with {action = "SendTelegramMessage", controller = "Test"}. Executing controller action with signature System.Threading.Tasks.Task`1[Microsoft.AspNetCore.Mvc.ActionResult] SendTelegramMessage(ErrSendApplication.DTO.TelegramMessageRequest) on controller ErrSendWebApi.Controllers.TestController (ErrSendWebApi).
2025-08-07 13:29:46.258 +03:00 [INF] Executing action method ErrSendWebApi.Controllers.TestController.SendTelegramMessage (ErrSendWebApi) - Validation state: "Valid"
2025-08-07 13:29:46.265 +03:00 [INF] Request: SendTelegramMessageCommand --- {"Message":"Test","AdditionalInfo":"Test","$type":"SendTelegramMessageCommand"} 
2025-08-07 13:29:46.279 +03:00 [INF] Start processing HTTP request POST https://api.telegram.org/bot7304978265:AAElTsUzlb8XRX4TCnJZpEa8IfXl6oa4vjc/sendMessage
2025-08-07 13:29:46.280 +03:00 [INF] Sending HTTP request POST https://api.telegram.org/bot7304978265:AAElTsUzlb8XRX4TCnJZpEa8IfXl6oa4vjc/sendMessage
2025-08-07 13:29:47.713 +03:00 [INF] Received HTTP response headers after 1428.5115ms - 200
2025-08-07 13:29:47.715 +03:00 [INF] End processing HTTP request after 1438.4174ms - 200
2025-08-07 13:29:47.721 +03:00 [INF] Executed action method ErrSendWebApi.Controllers.TestController.SendTelegramMessage (ErrSendWebApi), returned result Microsoft.AspNetCore.Mvc.OkObjectResult in 1462.8142ms.
2025-08-07 13:29:47.725 +03:00 [INF] Executing OkObjectResult, writing value of type '<>f__AnonymousType0`2[[System.Boolean, System.Private.CoreLib, Version=8.0.0.0, Culture=neutral, PublicKeyToken=7cec85d7bea7798e],[System.String, System.Private.CoreLib, Version=8.0.0.0, Culture=neutral, PublicKeyToken=7cec85d7bea7798e]]'.
2025-08-07 13:29:47.740 +03:00 [INF] Executed action ErrSendWebApi.Controllers.TestController.SendTelegramMessage (ErrSendWebApi) in 1488.3321ms
2025-08-07 13:29:47.742 +03:00 [INF] Executed endpoint 'ErrSendWebApi.Controllers.TestController.SendTelegramMessage (ErrSendWebApi)'
2025-08-07 13:29:47.752 +03:00 [INF] Request finished HTTP/1.1 POST http://localhost:5001/api/Test/SendTelegramMessage/Відправка тестового повідомлення в Telegram - 200 null application/json; charset=utf-8 1580.3675ms
2025-08-07 13:40:35.560 +03:00 [INF] Application is shutting down...
