2025-08-14 13:33:15.706 +03:00 [INF] User profile is available. Using '/Users/mac/.aspnet/DataProtection-Keys' as key repository; keys will not be encrypted at rest.
2025-08-14 13:33:16.185 +03:00 [WRN] The WebRootPath was not found: /Users/mac/Downloads/ErrorSender_v1/ErrSendWebApi/wwwroot. Static files may be unavailable.
2025-08-14 13:33:16.208 +03:00 [INF] Now listening on: http://localhost:5001
2025-08-14 13:33:16.209 +03:00 [INF] Application started. Press Ctrl+C to shut down.
2025-08-14 13:33:16.210 +03:00 [INF] Hosting environment: Development
2025-08-14 13:33:16.210 +03:00 [INF] Content root path: /Users/mac/Downloads/ErrorSender_v1/ErrSendWebApi
2025-08-14 13:33:22.423 +03:00 [INF] Request starting HTTP/1.1 GET http://localhost:5001/index.html - null null
2025-08-14 13:33:22.599 +03:00 [INF] Request finished HTTP/1.1 GET http://localhost:5001/index.html - 200 null text/html;charset=utf-8 177.4663ms
2025-08-14 13:33:22.630 +03:00 [INF] Request starting HTTP/1.1 GET http://localhost:5001/swagger-ui-bundle.js - null null
2025-08-14 13:33:22.630 +03:00 [INF] Request starting HTTP/1.1 GET http://localhost:5001/swagger/Ui/theme-feeling-blue.css - null null
2025-08-14 13:33:22.665 +03:00 [WRN] Failed to determine the https port for redirect.
2025-08-14 13:33:22.666 +03:00 [INF] Sending file. Request path: '/swagger-ui-bundle.js'. Physical path: 'N/A'
2025-08-14 13:33:22.669 +03:00 [INF] Request finished HTTP/1.1 GET http://localhost:5001/swagger-ui-bundle.js - 200 1466908 text/javascript 38.8393ms
2025-08-14 13:33:22.717 +03:00 [INF] Request finished HTTP/1.1 GET http://localhost:5001/swagger/Ui/theme-feeling-blue.css - 404 0 null 86.6318ms
2025-08-14 13:33:22.722 +03:00 [INF] Request reached the end of the middleware pipeline without being handled by application code. Request path: GET http://localhost:5001/swagger/Ui/theme-feeling-blue.css, Response status code: 404
2025-08-14 13:33:22.910 +03:00 [INF] Request starting HTTP/1.1 GET http://localhost:5001/swagger/v1/swagger.json - null null
2025-08-14 13:33:22.941 +03:00 [INF] Request starting HTTP/1.1 GET http://localhost:5001/favicon-32x32.png - null null
2025-08-14 13:33:22.946 +03:00 [INF] Sending file. Request path: '/favicon-32x32.png'. Physical path: 'N/A'
2025-08-14 13:33:22.947 +03:00 [INF] Request finished HTTP/1.1 GET http://localhost:5001/favicon-32x32.png - 200 628 image/png 6.0386ms
2025-08-14 13:33:23.180 +03:00 [INF] Request finished HTTP/1.1 GET http://localhost:5001/swagger/v1/swagger.json - 200 null application/json;charset=utf-8 269.7935ms
2025-08-14 13:33:43.890 +03:00 [INF] Request starting HTTP/1.1 POST http://localhost:5001/api/Test/GetJwtToken/JWT Токен - application/json 75
2025-08-14 13:33:43.896 +03:00 [INF] CORS policy execution successful.
2025-08-14 13:33:43.899 +03:00 [INF] Executing endpoint 'ErrSendWebApi.Controllers.TestController.GetJwtToken (ErrSendWebApi)'
2025-08-14 13:33:43.922 +03:00 [INF] Route matched with {action = "GetJwtToken", controller = "Test"}. Executing controller action with signature System.Threading.Tasks.Task`1[Microsoft.AspNetCore.Mvc.ActionResult] GetJwtToken(ErrSendApplication.DTO.JwtTokenRequest) on controller ErrSendWebApi.Controllers.TestController (ErrSendWebApi).
2025-08-14 13:33:43.975 +03:00 [INF] Executing action method ErrSendWebApi.Controllers.TestController.GetJwtToken (ErrSendWebApi) - Validation state: "Valid"
2025-08-14 13:33:43.994 +03:00 [INF] Запити: GenerateJwtTokenCommand --- {"Login":"Admin","Password":"Admin","Roles":["Admin"],"$type":"GenerateJwtTokenCommand"} 
2025-08-14 13:33:44.043 +03:00 [INF] Executed action method ErrSendWebApi.Controllers.TestController.GetJwtToken (ErrSendWebApi), returned result Microsoft.AspNetCore.Mvc.OkObjectResult in 61.6264ms.
2025-08-14 13:33:44.050 +03:00 [INF] Executing OkObjectResult, writing value of type 'ErrSendApplication.DTO.JwtTokenResponse'.
2025-08-14 13:33:44.058 +03:00 [INF] Executed action ErrSendWebApi.Controllers.TestController.GetJwtToken (ErrSendWebApi) in 131.8569ms
2025-08-14 13:33:44.058 +03:00 [INF] Executed endpoint 'ErrSendWebApi.Controllers.TestController.GetJwtToken (ErrSendWebApi)'
2025-08-14 13:33:44.058 +03:00 [INF] Request finished HTTP/1.1 POST http://localhost:5001/api/Test/GetJwtToken/JWT Токен - 200 null application/json; charset=utf-8 168.4699ms
2025-08-14 13:34:08.845 +03:00 [INF] Request starting HTTP/1.1 POST http://localhost:5001/api/Test/SendTelegramMessage/Відправка тестового повідомлення в Telegram - application/json 51
2025-08-14 13:34:08.848 +03:00 [INF] CORS policy execution successful.
2025-08-14 13:34:09.073 +03:00 [INF] Executing endpoint 'ErrSendWebApi.Controllers.TestController.SendTelegramMessage (ErrSendWebApi)'
2025-08-14 13:34:09.077 +03:00 [INF] Route matched with {action = "SendTelegramMessage", controller = "Test"}. Executing controller action with signature System.Threading.Tasks.Task`1[Microsoft.AspNetCore.Mvc.ActionResult] SendTelegramMessage(ErrSendApplication.DTO.TelegramMessageRequest) on controller ErrSendWebApi.Controllers.TestController (ErrSendWebApi).
2025-08-14 13:34:09.086 +03:00 [INF] Executing action method ErrSendWebApi.Controllers.TestController.SendTelegramMessage (ErrSendWebApi) - Validation state: "Valid"
2025-08-14 13:34:09.093 +03:00 [INF] Запити: SendTelegramMessageCommand --- {"Request":{"Message":"Test","AdditionalInfo":"Test","$type":"TelegramMessageRequest"},"$type":"SendTelegramMessageCommand"} 
2025-08-14 13:34:09.108 +03:00 [INF] Start processing HTTP request POST https://api.telegram.org/bot7304978265:AAElTsUzlb8XRX4TCnJZpEa8IfXl6oa4vjc/sendMessage
2025-08-14 13:34:09.110 +03:00 [INF] Sending HTTP request POST https://api.telegram.org/bot7304978265:AAElTsUzlb8XRX4TCnJZpEa8IfXl6oa4vjc/sendMessage
2025-08-14 13:34:09.762 +03:00 [INF] Received HTTP response headers after 647.6862ms - 200
2025-08-14 13:34:09.763 +03:00 [INF] End processing HTTP request after 657.0996ms - 200
2025-08-14 13:34:09.768 +03:00 [INF] Executed action method ErrSendWebApi.Controllers.TestController.SendTelegramMessage (ErrSendWebApi), returned result Microsoft.AspNetCore.Mvc.OkObjectResult in 682.2684ms.
2025-08-14 13:34:09.773 +03:00 [INF] Executing OkObjectResult, writing value of type '<>f__AnonymousType0`2[[System.Boolean, System.Private.CoreLib, Version=8.0.0.0, Culture=neutral, PublicKeyToken=7cec85d7bea7798e],[System.String, System.Private.CoreLib, Version=8.0.0.0, Culture=neutral, PublicKeyToken=7cec85d7bea7798e]]'.
2025-08-14 13:34:09.787 +03:00 [INF] Executed action ErrSendWebApi.Controllers.TestController.SendTelegramMessage (ErrSendWebApi) in 710.0819ms
2025-08-14 13:34:09.789 +03:00 [INF] Executed endpoint 'ErrSendWebApi.Controllers.TestController.SendTelegramMessage (ErrSendWebApi)'
2025-08-14 13:34:09.793 +03:00 [INF] Request finished HTTP/1.1 POST http://localhost:5001/api/Test/SendTelegramMessage/Відправка тестового повідомлення в Telegram - 200 null application/json; charset=utf-8 947.9902ms
