2025-08-21 10:22:18.623 +03:00 [INF] User profile is available. Using '/Users/mac/.aspnet/DataProtection-Keys' as key repository; keys will not be encrypted at rest.
2025-08-21 10:22:18.893 +03:00 [FTL] Application startup exception
System.InvalidOperationException: Cannot resolve 'ErrSendApplication.Interfaces.Telegram.ITelegramService' from root provider because it requires scoped service 'FluentValidation.IValidator`1[System.ValueTuple`3[System.String,System.String,ErrSendApplication.Common.Configs.TelegramConfig]]'.
   at Microsoft.Extensions.DependencyInjection.ServiceLookup.CallSiteValidator.ValidateResolution(ServiceCallSite callSite, IServiceScope scope, IServiceScope rootScope)
   at Microsoft.Extensions.DependencyInjection.ServiceProvider.GetService(ServiceIdentifier serviceIdentifier, ServiceProviderEngineScope serviceProviderEngineScope)
   at Microsoft.Extensions.DependencyInjection.ServiceLookup.ServiceProviderEngineScope.GetService(Type serviceType)
   at Microsoft.Extensions.Internal.ActivatorUtilities.ConstructorMatcher.CreateInstance(IServiceProvider provider)
   at Microsoft.Extensions.Internal.ActivatorUtilities.CreateInstance(IServiceProvider provider, Type instanceType, Object[] parameters)
   at Microsoft.AspNetCore.Builder.UseMiddlewareExtensions.ReflectionMiddlewareBinder.CreateMiddleware(RequestDelegate next)
   at Microsoft.AspNetCore.Builder.ApplicationBuilder.Build()
   at Microsoft.AspNetCore.Hosting.GenericWebHostService.StartAsync(CancellationToken cancellationToken)
2025-08-21 10:22:18.936 +03:00 [ERR] Hosting failed to start
System.InvalidOperationException: Cannot resolve 'ErrSendApplication.Interfaces.Telegram.ITelegramService' from root provider because it requires scoped service 'FluentValidation.IValidator`1[System.ValueTuple`3[System.String,System.String,ErrSendApplication.Common.Configs.TelegramConfig]]'.
   at Microsoft.Extensions.DependencyInjection.ServiceLookup.CallSiteValidator.ValidateResolution(ServiceCallSite callSite, IServiceScope scope, IServiceScope rootScope)
   at Microsoft.Extensions.DependencyInjection.ServiceProvider.GetService(ServiceIdentifier serviceIdentifier, ServiceProviderEngineScope serviceProviderEngineScope)
   at Microsoft.Extensions.DependencyInjection.ServiceLookup.ServiceProviderEngineScope.GetService(Type serviceType)
   at Microsoft.Extensions.Internal.ActivatorUtilities.ConstructorMatcher.CreateInstance(IServiceProvider provider)
   at Microsoft.Extensions.Internal.ActivatorUtilities.CreateInstance(IServiceProvider provider, Type instanceType, Object[] parameters)
   at Microsoft.AspNetCore.Builder.UseMiddlewareExtensions.ReflectionMiddlewareBinder.CreateMiddleware(RequestDelegate next)
   at Microsoft.AspNetCore.Builder.ApplicationBuilder.Build()
   at Microsoft.AspNetCore.Hosting.GenericWebHostService.StartAsync(CancellationToken cancellationToken)
   at Microsoft.Extensions.Hosting.Internal.Host.<StartAsync>b__15_1(IHostedService service, CancellationToken token)
   at Microsoft.Extensions.Hosting.Internal.Host.ForeachService[T](IEnumerable`1 services, CancellationToken token, Boolean concurrent, Boolean abortOnFirstException, List`1 exceptions, Func`3 operation)
2025-08-21 10:24:10.525 +03:00 [INF] User profile is available. Using '/Users/mac/.aspnet/DataProtection-Keys' as key repository; keys will not be encrypted at rest.
2025-08-21 10:24:10.838 +03:00 [WRN] The WebRootPath was not found: /Users/mac/Downloads/ErrorSender_v1/ErrSendWebApi/wwwroot. Static files may be unavailable.
2025-08-21 10:24:10.859 +03:00 [INF] Now listening on: http://localhost:5001
2025-08-21 10:24:10.861 +03:00 [INF] Application started. Press Ctrl+C to shut down.
2025-08-21 10:24:10.861 +03:00 [INF] Hosting environment: Development
2025-08-21 10:24:10.861 +03:00 [INF] Content root path: /Users/mac/Downloads/ErrorSender_v1/ErrSendWebApi
2025-08-21 10:24:32.752 +03:00 [INF] Request starting HTTP/1.1 GET http://localhost:5001/swagger-ui.css - null null
2025-08-21 10:24:32.752 +03:00 [INF] Request starting HTTP/1.1 GET http://localhost:5001/index.css - null null
2025-08-21 10:24:32.752 +03:00 [INF] Request starting HTTP/1.1 GET http://localhost:5001/swagger-ui-standalone-preset.js - null null
2025-08-21 10:24:32.752 +03:00 [INF] Request starting HTTP/1.1 GET http://localhost:5001/index.js - null null
2025-08-21 10:24:32.752 +03:00 [INF] Request starting HTTP/1.1 GET http://localhost:5001/swagger/Ui/theme-feeling-blue.css - null null
2025-08-21 10:24:32.841 +03:00 [INF] Sending file. Request path: '/index.css'. Physical path: 'N/A'
2025-08-21 10:24:32.843 +03:00 [INF] Request finished HTTP/1.1 GET http://localhost:5001/index.css - 200 202 text/css 95.8336ms
2025-08-21 10:24:32.857 +03:00 [WRN] Failed to determine the https port for redirect.
2025-08-21 10:24:32.859 +03:00 [INF] Sending file. Request path: '/swagger-ui.css'. Physical path: 'N/A'
2025-08-21 10:24:32.859 +03:00 [INF] Sending file. Request path: '/swagger-ui-standalone-preset.js'. Physical path: 'N/A'
2025-08-21 10:24:32.864 +03:00 [INF] Request finished HTTP/1.1 GET http://localhost:5001/swagger-ui.css - 200 154949 text/css 117.5195ms
2025-08-21 10:24:32.865 +03:00 [INF] Request finished HTTP/1.1 GET http://localhost:5001/swagger-ui-standalone-preset.js - 200 229223 text/javascript 117.5386ms
2025-08-21 10:24:32.905 +03:00 [INF] Request finished HTTP/1.1 GET http://localhost:5001/swagger/Ui/theme-feeling-blue.css - 404 0 null 158.3778ms
2025-08-21 10:24:32.908 +03:00 [INF] Request reached the end of the middleware pipeline without being handled by application code. Request path: GET http://localhost:5001/swagger/Ui/theme-feeling-blue.css, Response status code: 404
2025-08-21 10:24:32.951 +03:00 [INF] Request finished HTTP/1.1 GET http://localhost:5001/index.js - 200 null application/javascript;charset=utf-8 203.944ms
2025-08-21 10:24:33.082 +03:00 [INF] Request starting HTTP/1.1 GET http://localhost:5001/swagger/v1/swagger.json - null null
2025-08-21 10:24:33.363 +03:00 [INF] Request finished HTTP/1.1 GET http://localhost:5001/swagger/v1/swagger.json - 200 null application/json;charset=utf-8 281.5275ms
2025-08-21 10:24:52.801 +03:00 [INF] Request starting HTTP/1.1 POST http://localhost:5001/api/Test/GetJwtToken/JWT Токен - application/json 73
2025-08-21 10:24:52.807 +03:00 [INF] CORS policy execution successful.
2025-08-21 10:24:52.811 +03:00 [INF] Executing endpoint 'ErrSendWebApi.Controllers.TestController.GetJwtToken (ErrSendWebApi)'
2025-08-21 10:24:52.834 +03:00 [INF] Route matched with {action = "GetJwtToken", controller = "Test"}. Executing controller action with signature System.Threading.Tasks.Task`1[Microsoft.AspNetCore.Mvc.ActionResult] GetJwtToken(ErrSendApplication.DTO.JwtTokenRequest) on controller ErrSendWebApi.Controllers.TestController (ErrSendWebApi).
2025-08-21 10:24:52.889 +03:00 [INF] Executing action method ErrSendWebApi.Controllers.TestController.GetJwtToken (ErrSendWebApi) - Validation state: "Valid"
2025-08-21 10:24:52.904 +03:00 [INF] Запити: GenerateJwtTokenCommand --- {"Login":"user","Password":"pass","Roles":["Admin"],"$type":"GenerateJwtTokenCommand"} 
2025-08-21 10:24:52.925 +03:00 [INF] Executed action ErrSendWebApi.Controllers.TestController.GetJwtToken (ErrSendWebApi) in 85.768ms
2025-08-21 10:24:52.925 +03:00 [INF] Executed endpoint 'ErrSendWebApi.Controllers.TestController.GetJwtToken (ErrSendWebApi)'
2025-08-21 10:24:52.993 +03:00 [INF] Request finished HTTP/1.1 POST http://localhost:5001/api/Test/GetJwtToken/JWT Токен - 409 null application/json 191.5677ms
2025-08-21 10:25:21.273 +03:00 [INF] Request starting HTTP/1.1 POST http://localhost:5001/api/Test/GetJwtToken/JWT Токен - application/json 75
2025-08-21 10:25:21.281 +03:00 [INF] CORS policy execution successful.
2025-08-21 10:25:21.286 +03:00 [INF] Executing endpoint 'ErrSendWebApi.Controllers.TestController.GetJwtToken (ErrSendWebApi)'
2025-08-21 10:25:21.286 +03:00 [INF] Route matched with {action = "GetJwtToken", controller = "Test"}. Executing controller action with signature System.Threading.Tasks.Task`1[Microsoft.AspNetCore.Mvc.ActionResult] GetJwtToken(ErrSendApplication.DTO.JwtTokenRequest) on controller ErrSendWebApi.Controllers.TestController (ErrSendWebApi).
2025-08-21 10:25:21.287 +03:00 [INF] Executing action method ErrSendWebApi.Controllers.TestController.GetJwtToken (ErrSendWebApi) - Validation state: "Valid"
2025-08-21 10:25:21.288 +03:00 [INF] Запити: GenerateJwtTokenCommand --- {"Login":"Admin","Password":"Admin","Roles":["Admin"],"$type":"GenerateJwtTokenCommand"} 
2025-08-21 10:25:21.290 +03:00 [INF] Executed action ErrSendWebApi.Controllers.TestController.GetJwtToken (ErrSendWebApi) in 3.405ms
2025-08-21 10:25:21.290 +03:00 [INF] Executed endpoint 'ErrSendWebApi.Controllers.TestController.GetJwtToken (ErrSendWebApi)'
2025-08-21 10:25:21.292 +03:00 [INF] Request finished HTTP/1.1 POST http://localhost:5001/api/Test/GetJwtToken/JWT Токен - 409 null application/json 19.1951ms
2025-08-21 10:30:59.802 +03:00 [INF] Request starting HTTP/1.1 POST http://localhost:5001/api/Test/SendTelegramMessage/Відправка тестового повідомлення в Telegram - application/json 55
2025-08-21 10:30:59.803 +03:00 [INF] CORS policy execution successful.
2025-08-21 10:30:59.817 +03:00 [INF] Authorization failed. These requirements were not met:
RolesAuthorizationRequirement:User.IsInRole must be true for one of the following roles: (Admin|User)
2025-08-21 10:30:59.832 +03:00 [INF] AuthenticationScheme: Bearer was challenged.
2025-08-21 10:30:59.833 +03:00 [INF] Request finished HTTP/1.1 POST http://localhost:5001/api/Test/SendTelegramMessage/Відправка тестового повідомлення в Telegram - 401 0 null 30.9928ms
2025-08-21 10:31:42.125 +03:00 [INF] Application is shutting down...
2025-08-21 10:31:47.318 +03:00 [INF] User profile is available. Using '/Users/mac/.aspnet/DataProtection-Keys' as key repository; keys will not be encrypted at rest.
2025-08-21 10:31:47.622 +03:00 [WRN] The WebRootPath was not found: /Users/mac/Downloads/ErrorSender_v1/ErrSendWebApi/wwwroot. Static files may be unavailable.
2025-08-21 10:31:47.635 +03:00 [INF] Now listening on: http://localhost:5001
2025-08-21 10:31:47.637 +03:00 [INF] Application started. Press Ctrl+C to shut down.
2025-08-21 10:31:47.637 +03:00 [INF] Hosting environment: Development
2025-08-21 10:31:47.637 +03:00 [INF] Content root path: /Users/mac/Downloads/ErrorSender_v1/ErrSendWebApi
2025-08-21 10:31:53.415 +03:00 [INF] Request starting HTTP/1.1 GET http://localhost:5001/index.html - null null
2025-08-21 10:31:53.551 +03:00 [INF] Request finished HTTP/1.1 GET http://localhost:5001/index.html - 200 null text/html;charset=utf-8 136.8996ms
2025-08-21 10:31:53.577 +03:00 [INF] Request starting HTTP/1.1 GET http://localhost:5001/swagger/Ui/theme-feeling-blue.css - null null
2025-08-21 10:31:53.609 +03:00 [WRN] Failed to determine the https port for redirect.
2025-08-21 10:31:53.650 +03:00 [INF] Request finished HTTP/1.1 GET http://localhost:5001/swagger/Ui/theme-feeling-blue.css - 404 0 null 71.4221ms
2025-08-21 10:31:53.653 +03:00 [INF] Request reached the end of the middleware pipeline without being handled by application code. Request path: GET http://localhost:5001/swagger/Ui/theme-feeling-blue.css, Response status code: 404
2025-08-21 10:31:53.803 +03:00 [INF] Request starting HTTP/1.1 GET http://localhost:5001/swagger/v1/swagger.json - null null
2025-08-21 10:31:53.993 +03:00 [INF] Request finished HTTP/1.1 GET http://localhost:5001/swagger/v1/swagger.json - 200 null application/json;charset=utf-8 190.348ms
2025-08-21 10:32:18.432 +03:00 [INF] Request starting HTTP/1.1 POST http://localhost:5001/api/Test/GetJwtToken/JWT Токен - application/json 73
2025-08-21 10:32:18.445 +03:00 [INF] CORS policy execution successful.
2025-08-21 10:32:18.448 +03:00 [INF] Executing endpoint 'ErrSendWebApi.Controllers.TestController.GetJwtToken (ErrSendWebApi)'
2025-08-21 10:32:18.579 +03:00 [INF] Route matched with {action = "GetJwtToken", controller = "Test"}. Executing controller action with signature System.Threading.Tasks.Task`1[Microsoft.AspNetCore.Mvc.ActionResult] GetJwtToken(ErrSendApplication.DTO.JwtTokenRequest) on controller ErrSendWebApi.Controllers.TestController (ErrSendWebApi).
2025-08-21 10:32:18.633 +03:00 [INF] Executing action method ErrSendWebApi.Controllers.TestController.GetJwtToken (ErrSendWebApi) - Validation state: "Valid"
2025-08-21 10:32:18.647 +03:00 [INF] Запити: GenerateJwtTokenCommand --- {"Login":"user","Password":"pass","Roles":["Admin"],"$type":"GenerateJwtTokenCommand"} 
2025-08-21 10:32:18.666 +03:00 [INF] Executed action ErrSendWebApi.Controllers.TestController.GetJwtToken (ErrSendWebApi) in 82.4712ms
2025-08-21 10:32:18.667 +03:00 [INF] Executed endpoint 'ErrSendWebApi.Controllers.TestController.GetJwtToken (ErrSendWebApi)'
2025-08-21 10:32:18.730 +03:00 [INF] Request finished HTTP/1.1 POST http://localhost:5001/api/Test/GetJwtToken/JWT Токен - 409 null application/json 297.3267ms
2025-08-21 10:34:53.653 +03:00 [INF] Application is shutting down...
2025-08-21 10:36:28.822 +03:00 [INF] User profile is available. Using '/Users/mac/.aspnet/DataProtection-Keys' as key repository; keys will not be encrypted at rest.
2025-08-21 10:36:29.126 +03:00 [WRN] The WebRootPath was not found: /Users/mac/Downloads/ErrorSender_v1/ErrSendWebApi/wwwroot. Static files may be unavailable.
2025-08-21 10:36:29.138 +03:00 [INF] Now listening on: http://localhost:5001
2025-08-21 10:36:29.139 +03:00 [INF] Application started. Press Ctrl+C to shut down.
2025-08-21 10:36:29.139 +03:00 [INF] Hosting environment: Development
2025-08-21 10:36:29.139 +03:00 [INF] Content root path: /Users/mac/Downloads/ErrorSender_v1/ErrSendWebApi
2025-08-21 10:36:43.562 +03:00 [INF] Request starting HTTP/1.1 GET http://localhost:5001/index.html - null null
2025-08-21 10:36:43.705 +03:00 [INF] Request finished HTTP/1.1 GET http://localhost:5001/index.html - 200 null text/html;charset=utf-8 144.6177ms
2025-08-21 10:36:43.723 +03:00 [INF] Request starting HTTP/1.1 GET http://localhost:5001/swagger/Ui/theme-feeling-blue.css - null null
2025-08-21 10:36:43.756 +03:00 [WRN] Failed to determine the https port for redirect.
2025-08-21 10:36:43.800 +03:00 [INF] Request finished HTTP/1.1 GET http://localhost:5001/swagger/Ui/theme-feeling-blue.css - 404 0 null 76.5401ms
2025-08-21 10:36:43.804 +03:00 [INF] Request reached the end of the middleware pipeline without being handled by application code. Request path: GET http://localhost:5001/swagger/Ui/theme-feeling-blue.css, Response status code: 404
2025-08-21 10:36:43.883 +03:00 [INF] Request starting HTTP/1.1 GET http://localhost:5001/swagger/v1/swagger.json - null null
2025-08-21 10:36:44.103 +03:00 [INF] Request finished HTTP/1.1 GET http://localhost:5001/swagger/v1/swagger.json - 200 null application/json;charset=utf-8 220.23ms
2025-08-21 10:37:03.782 +03:00 [INF] Request starting HTTP/1.1 POST http://localhost:5001/api/Test/GetJwtToken/JWT Токен - application/json 75
2025-08-21 10:37:03.787 +03:00 [INF] CORS policy execution successful.
2025-08-21 10:37:03.790 +03:00 [INF] Executing endpoint 'ErrSendWebApi.Controllers.TestController.GetJwtToken (ErrSendWebApi)'
2025-08-21 10:37:03.813 +03:00 [INF] Route matched with {action = "GetJwtToken", controller = "Test"}. Executing controller action with signature System.Threading.Tasks.Task`1[Microsoft.AspNetCore.Mvc.ActionResult] GetJwtToken(ErrSendApplication.DTO.JwtTokenRequest) on controller ErrSendWebApi.Controllers.TestController (ErrSendWebApi).
2025-08-21 10:37:03.865 +03:00 [INF] Executing action method ErrSendWebApi.Controllers.TestController.GetJwtToken (ErrSendWebApi) - Validation state: "Valid"
2025-08-21 10:37:03.879 +03:00 [INF] Запити: GenerateJwtTokenCommand --- {"Login":"Admin","Password":"Admin","Roles":["Admin"],"$type":"GenerateJwtTokenCommand"} 
2025-08-21 10:37:03.897 +03:00 [INF] Executed action ErrSendWebApi.Controllers.TestController.GetJwtToken (ErrSendWebApi) in 78.9853ms
2025-08-21 10:37:03.897 +03:00 [INF] Executed endpoint 'ErrSendWebApi.Controllers.TestController.GetJwtToken (ErrSendWebApi)'
2025-08-21 10:37:03.949 +03:00 [INF] Request finished HTTP/1.1 POST http://localhost:5001/api/Test/GetJwtToken/JWT Токен - 409 null application/json 166.5072ms
2025-08-21 10:37:21.029 +03:00 [INF] Application is shutting down...
2025-08-21 10:39:24.815 +03:00 [INF] User profile is available. Using '/Users/mac/.aspnet/DataProtection-Keys' as key repository; keys will not be encrypted at rest.
2025-08-21 10:39:25.114 +03:00 [WRN] The WebRootPath was not found: /Users/mac/Downloads/ErrorSender_v1/ErrSendWebApi/wwwroot. Static files may be unavailable.
2025-08-21 10:39:25.125 +03:00 [INF] Now listening on: http://localhost:5001
2025-08-21 10:39:25.127 +03:00 [INF] Application started. Press Ctrl+C to shut down.
2025-08-21 10:39:25.127 +03:00 [INF] Hosting environment: Development
2025-08-21 10:39:25.127 +03:00 [INF] Content root path: /Users/mac/Downloads/ErrorSender_v1/ErrSendWebApi
2025-08-21 10:39:30.881 +03:00 [INF] Request starting HTTP/1.1 GET http://localhost:5001/index.html - null null
2025-08-21 10:39:31.019 +03:00 [INF] Request finished HTTP/1.1 GET http://localhost:5001/index.html - 200 null text/html;charset=utf-8 139.5669ms
2025-08-21 10:39:31.036 +03:00 [INF] Request starting HTTP/1.1 GET http://localhost:5001/swagger/Ui/theme-feeling-blue.css - null null
2025-08-21 10:39:31.068 +03:00 [WRN] Failed to determine the https port for redirect.
2025-08-21 10:39:31.102 +03:00 [INF] Request finished HTTP/1.1 GET http://localhost:5001/swagger/Ui/theme-feeling-blue.css - 404 0 null 65.8722ms
2025-08-21 10:39:31.105 +03:00 [INF] Request reached the end of the middleware pipeline without being handled by application code. Request path: GET http://localhost:5001/swagger/Ui/theme-feeling-blue.css, Response status code: 404
2025-08-21 10:39:31.196 +03:00 [INF] Request starting HTTP/1.1 GET http://localhost:5001/swagger/v1/swagger.json - null null
2025-08-21 10:39:31.375 +03:00 [INF] Request finished HTTP/1.1 GET http://localhost:5001/swagger/v1/swagger.json - 200 null application/json;charset=utf-8 178.8731ms
2025-08-21 10:39:52.619 +03:00 [INF] Request starting HTTP/1.1 POST http://localhost:5001/api/Test/GetJwtToken/JWT Токен - application/json 75
2025-08-21 10:39:52.624 +03:00 [INF] CORS policy execution successful.
2025-08-21 10:39:52.627 +03:00 [INF] Executing endpoint 'ErrSendWebApi.Controllers.TestController.GetJwtToken (ErrSendWebApi)'
2025-08-21 10:39:52.648 +03:00 [INF] Route matched with {action = "GetJwtToken", controller = "Test"}. Executing controller action with signature System.Threading.Tasks.Task`1[Microsoft.AspNetCore.Mvc.ActionResult] GetJwtToken(ErrSendApplication.DTO.JwtTokenRequest) on controller ErrSendWebApi.Controllers.TestController (ErrSendWebApi).
2025-08-21 10:39:52.701 +03:00 [INF] Executing action method ErrSendWebApi.Controllers.TestController.GetJwtToken (ErrSendWebApi) - Validation state: "Valid"
2025-08-21 10:39:52.714 +03:00 [INF] Запити: GenerateJwtTokenCommand --- {"Login":"Admin","Password":"Admin","Roles":["Admin"],"$type":"GenerateJwtTokenCommand"} 
2025-08-21 10:39:52.733 +03:00 [INF] Executed action ErrSendWebApi.Controllers.TestController.GetJwtToken (ErrSendWebApi) in 79.6356ms
2025-08-21 10:39:52.733 +03:00 [INF] Executed endpoint 'ErrSendWebApi.Controllers.TestController.GetJwtToken (ErrSendWebApi)'
2025-08-21 10:39:52.783 +03:00 [INF] Request finished HTTP/1.1 POST http://localhost:5001/api/Test/GetJwtToken/JWT Токен - 409 null application/json 164.2132ms
2025-08-21 10:40:09.615 +03:00 [INF] Request starting HTTP/1.1 POST http://localhost:5001/api/Test/GetJwtToken/JWT Токен - application/json 73
2025-08-21 10:40:09.622 +03:00 [INF] CORS policy execution successful.
2025-08-21 10:40:09.626 +03:00 [INF] Executing endpoint 'ErrSendWebApi.Controllers.TestController.GetJwtToken (ErrSendWebApi)'
2025-08-21 10:40:09.627 +03:00 [INF] Route matched with {action = "GetJwtToken", controller = "Test"}. Executing controller action with signature System.Threading.Tasks.Task`1[Microsoft.AspNetCore.Mvc.ActionResult] GetJwtToken(ErrSendApplication.DTO.JwtTokenRequest) on controller ErrSendWebApi.Controllers.TestController (ErrSendWebApi).
2025-08-21 10:40:09.628 +03:00 [INF] Executing action method ErrSendWebApi.Controllers.TestController.GetJwtToken (ErrSendWebApi) - Validation state: "Valid"
2025-08-21 10:40:09.629 +03:00 [INF] Запити: GenerateJwtTokenCommand --- {"Login":"User","Password":"Pass","Roles":["Admin"],"$type":"GenerateJwtTokenCommand"} 
2025-08-21 10:40:09.631 +03:00 [INF] Executed action ErrSendWebApi.Controllers.TestController.GetJwtToken (ErrSendWebApi) in 3.956ms
2025-08-21 10:40:09.631 +03:00 [INF] Executed endpoint 'ErrSendWebApi.Controllers.TestController.GetJwtToken (ErrSendWebApi)'
2025-08-21 10:40:09.635 +03:00 [INF] Request finished HTTP/1.1 POST http://localhost:5001/api/Test/GetJwtToken/JWT Токен - 409 null application/json 19.4509ms
2025-08-21 10:41:59.989 +03:00 [INF] Application is shutting down...
2025-08-21 10:42:03.020 +03:00 [INF] User profile is available. Using '/Users/mac/.aspnet/DataProtection-Keys' as key repository; keys will not be encrypted at rest.
2025-08-21 10:42:03.208 +03:00 [WRN] The WebRootPath was not found: /Users/mac/Downloads/ErrorSender_v1/ErrSendWebApi/wwwroot. Static files may be unavailable.
2025-08-21 10:42:03.224 +03:00 [INF] Now listening on: http://localhost:5001
2025-08-21 10:42:03.225 +03:00 [INF] Application started. Press Ctrl+C to shut down.
2025-08-21 10:42:03.226 +03:00 [INF] Hosting environment: Development
2025-08-21 10:42:03.226 +03:00 [INF] Content root path: /Users/mac/Downloads/ErrorSender_v1/ErrSendWebApi
2025-08-21 10:42:11.690 +03:00 [INF] Request starting HTTP/1.1 GET http://localhost:5001/index.html - null null
2025-08-21 10:42:11.833 +03:00 [INF] Request finished HTTP/1.1 GET http://localhost:5001/index.html - 200 null text/html;charset=utf-8 144.1043ms
2025-08-21 10:42:11.850 +03:00 [INF] Request starting HTTP/1.1 GET http://localhost:5001/swagger/Ui/theme-feeling-blue.css - null null
2025-08-21 10:42:11.909 +03:00 [WRN] Failed to determine the https port for redirect.
2025-08-21 10:42:12.033 +03:00 [INF] Request finished HTTP/1.1 GET http://localhost:5001/swagger/Ui/theme-feeling-blue.css - 404 0 null 183.4146ms
2025-08-21 10:42:12.036 +03:00 [INF] Request reached the end of the middleware pipeline without being handled by application code. Request path: GET http://localhost:5001/swagger/Ui/theme-feeling-blue.css, Response status code: 404
2025-08-21 10:42:12.138 +03:00 [INF] Request starting HTTP/1.1 GET http://localhost:5001/swagger/v1/swagger.json - null null
2025-08-21 10:42:12.308 +03:00 [INF] Request finished HTTP/1.1 GET http://localhost:5001/swagger/v1/swagger.json - 200 null application/json;charset=utf-8 170.2915ms
2025-08-21 10:42:37.323 +03:00 [INF] Request starting HTTP/1.1 POST http://localhost:5001/api/Test/GetJwtToken/JWT Токен - application/json 73
2025-08-21 10:42:37.328 +03:00 [INF] CORS policy execution successful.
2025-08-21 10:42:37.344 +03:00 [INF] Executing endpoint 'ErrSendWebApi.Controllers.TestController.GetJwtToken (ErrSendWebApi)'
2025-08-21 10:42:37.383 +03:00 [INF] Route matched with {action = "GetJwtToken", controller = "Test"}. Executing controller action with signature System.Threading.Tasks.Task`1[Microsoft.AspNetCore.Mvc.ActionResult] GetJwtToken(ErrSendApplication.DTO.JwtTokenRequest) on controller ErrSendWebApi.Controllers.TestController (ErrSendWebApi).
2025-08-21 10:42:37.434 +03:00 [INF] Executing action method ErrSendWebApi.Controllers.TestController.GetJwtToken (ErrSendWebApi) - Validation state: "Valid"
2025-08-21 10:42:37.446 +03:00 [INF] Запити: GenerateJwtTokenCommand --- {"Login":"User","Password":"Pass","Roles":["Admin"],"$type":"GenerateJwtTokenCommand"} 
2025-08-21 10:42:37.613 +03:00 [INF] Executed action method ErrSendWebApi.Controllers.TestController.GetJwtToken (ErrSendWebApi), returned result Microsoft.AspNetCore.Mvc.OkObjectResult in 171.2937ms.
2025-08-21 10:42:37.625 +03:00 [INF] Executing OkObjectResult, writing value of type 'ErrSendApplication.DTO.JwtTokenResponse'.
2025-08-21 10:42:37.636 +03:00 [INF] Executed action ErrSendWebApi.Controllers.TestController.GetJwtToken (ErrSendWebApi) in 248.0954ms
2025-08-21 10:42:37.636 +03:00 [INF] Executed endpoint 'ErrSendWebApi.Controllers.TestController.GetJwtToken (ErrSendWebApi)'
2025-08-21 10:42:37.636 +03:00 [INF] Request finished HTTP/1.1 POST http://localhost:5001/api/Test/GetJwtToken/JWT Токен - 200 null application/json; charset=utf-8 313.2705ms
2025-08-21 10:42:56.028 +03:00 [INF] Request starting HTTP/1.1 POST http://localhost:5001/api/Test/SendTelegramMessage/Відправка тестового повідомлення в Telegram - application/json 51
2025-08-21 10:42:56.058 +03:00 [INF] CORS policy execution successful.
2025-08-21 10:42:56.130 +03:00 [INF] Executing endpoint 'ErrSendWebApi.Controllers.TestController.SendTelegramMessage (ErrSendWebApi)'
2025-08-21 10:42:56.135 +03:00 [INF] Route matched with {action = "SendTelegramMessage", controller = "Test"}. Executing controller action with signature System.Threading.Tasks.Task`1[Microsoft.AspNetCore.Mvc.ActionResult] SendTelegramMessage(ErrSendApplication.DTO.TelegramMessageRequest) on controller ErrSendWebApi.Controllers.TestController (ErrSendWebApi).
2025-08-21 10:42:56.140 +03:00 [INF] Executing action method ErrSendWebApi.Controllers.TestController.SendTelegramMessage (ErrSendWebApi) - Validation state: "Valid"
2025-08-21 10:42:56.147 +03:00 [INF] Запити: SendTelegramMessageCommand --- {"Request":{"Message":"Test","AdditionalInfo":"Test","$type":"TelegramMessageRequest"},"$type":"SendTelegramMessageCommand"} 
2025-08-21 10:42:56.213 +03:00 [INF] Executed action method ErrSendWebApi.Controllers.TestController.SendTelegramMessage (ErrSendWebApi), returned result Microsoft.AspNetCore.Mvc.OkObjectResult in 72.9238ms.
2025-08-21 10:42:56.214 +03:00 [INF] Executing OkObjectResult, writing value of type '<>f__AnonymousType0`2[[System.Boolean, System.Private.CoreLib, Version=8.0.0.0, Culture=neutral, PublicKeyToken=7cec85d7bea7798e],[System.String, System.Private.CoreLib, Version=8.0.0.0, Culture=neutral, PublicKeyToken=7cec85d7bea7798e]]'.
2025-08-21 10:42:56.220 +03:00 [INF] Executed action ErrSendWebApi.Controllers.TestController.SendTelegramMessage (ErrSendWebApi) in 85.0467ms
2025-08-21 10:42:56.221 +03:00 [INF] Executed endpoint 'ErrSendWebApi.Controllers.TestController.SendTelegramMessage (ErrSendWebApi)'
2025-08-21 10:42:56.221 +03:00 [INF] Request finished HTTP/1.1 POST http://localhost:5001/api/Test/SendTelegramMessage/Відправка тестового повідомлення в Telegram - 200 null application/json; charset=utf-8 192.823ms
2025-08-21 10:43:23.524 +03:00 [INF] Request starting HTTP/1.1 POST http://localhost:5001/api/Test/GetJwtToken/JWT Токен - application/json 75
2025-08-21 10:43:23.525 +03:00 [INF] CORS policy execution successful.
2025-08-21 10:43:23.526 +03:00 [INF] Executing endpoint 'ErrSendWebApi.Controllers.TestController.GetJwtToken (ErrSendWebApi)'
2025-08-21 10:43:23.526 +03:00 [INF] Route matched with {action = "GetJwtToken", controller = "Test"}. Executing controller action with signature System.Threading.Tasks.Task`1[Microsoft.AspNetCore.Mvc.ActionResult] GetJwtToken(ErrSendApplication.DTO.JwtTokenRequest) on controller ErrSendWebApi.Controllers.TestController (ErrSendWebApi).
2025-08-21 10:43:23.527 +03:00 [INF] Executing action method ErrSendWebApi.Controllers.TestController.GetJwtToken (ErrSendWebApi) - Validation state: "Valid"
2025-08-21 10:43:23.528 +03:00 [INF] Запити: GenerateJwtTokenCommand --- {"Login":"Admin","Password":"Admin","Roles":["Admin"],"$type":"GenerateJwtTokenCommand"} 
2025-08-21 10:43:23.529 +03:00 [INF] Executed action method ErrSendWebApi.Controllers.TestController.GetJwtToken (ErrSendWebApi), returned result Microsoft.AspNetCore.Mvc.OkObjectResult in 2.3352ms.
2025-08-21 10:43:23.530 +03:00 [INF] Executing OkObjectResult, writing value of type 'ErrSendApplication.DTO.JwtTokenResponse'.
2025-08-21 10:43:23.530 +03:00 [INF] Executed action ErrSendWebApi.Controllers.TestController.GetJwtToken (ErrSendWebApi) in 3.4739ms
2025-08-21 10:43:23.530 +03:00 [INF] Executed endpoint 'ErrSendWebApi.Controllers.TestController.GetJwtToken (ErrSendWebApi)'
2025-08-21 10:43:23.530 +03:00 [INF] Request finished HTTP/1.1 POST http://localhost:5001/api/Test/GetJwtToken/JWT Токен - 200 null application/json; charset=utf-8 5.7976ms
2025-08-21 10:43:46.486 +03:00 [INF] Request starting HTTP/1.1 POST http://localhost:5001/api/Test/SendTelegramMessage/Відправка тестового повідомлення в Telegram - application/json 51
2025-08-21 10:43:46.486 +03:00 [INF] CORS policy execution successful.
2025-08-21 10:43:46.489 +03:00 [INF] Executing endpoint 'ErrSendWebApi.Controllers.TestController.SendTelegramMessage (ErrSendWebApi)'
2025-08-21 10:43:46.489 +03:00 [INF] Route matched with {action = "SendTelegramMessage", controller = "Test"}. Executing controller action with signature System.Threading.Tasks.Task`1[Microsoft.AspNetCore.Mvc.ActionResult] SendTelegramMessage(ErrSendApplication.DTO.TelegramMessageRequest) on controller ErrSendWebApi.Controllers.TestController (ErrSendWebApi).
2025-08-21 10:43:46.489 +03:00 [INF] Executing action method ErrSendWebApi.Controllers.TestController.SendTelegramMessage (ErrSendWebApi) - Validation state: "Valid"
2025-08-21 10:43:46.490 +03:00 [INF] Запити: SendTelegramMessageCommand --- {"Request":{"Message":"Test","AdditionalInfo":"Test","$type":"TelegramMessageRequest"},"$type":"SendTelegramMessageCommand"} 
2025-08-21 10:43:46.494 +03:00 [INF] Executed action method ErrSendWebApi.Controllers.TestController.SendTelegramMessage (ErrSendWebApi), returned result Microsoft.AspNetCore.Mvc.OkObjectResult in 4.67ms.
2025-08-21 10:43:46.494 +03:00 [INF] Executing OkObjectResult, writing value of type '<>f__AnonymousType0`2[[System.Boolean, System.Private.CoreLib, Version=8.0.0.0, Culture=neutral, PublicKeyToken=7cec85d7bea7798e],[System.String, System.Private.CoreLib, Version=8.0.0.0, Culture=neutral, PublicKeyToken=7cec85d7bea7798e]]'.
2025-08-21 10:43:46.494 +03:00 [INF] Executed action ErrSendWebApi.Controllers.TestController.SendTelegramMessage (ErrSendWebApi) in 5.5336ms
2025-08-21 10:43:46.494 +03:00 [INF] Executed endpoint 'ErrSendWebApi.Controllers.TestController.SendTelegramMessage (ErrSendWebApi)'
2025-08-21 10:43:46.494 +03:00 [INF] Request finished HTTP/1.1 POST http://localhost:5001/api/Test/SendTelegramMessage/Відправка тестового повідомлення в Telegram - 200 null application/json; charset=utf-8 8.7985ms
2025-08-21 10:46:10.474 +03:00 [INF] Application is shutting down...
2025-08-21 10:46:22.067 +03:00 [INF] User profile is available. Using '/Users/mac/.aspnet/DataProtection-Keys' as key repository; keys will not be encrypted at rest.
2025-08-21 10:46:22.252 +03:00 [WRN] The WebRootPath was not found: /Users/mac/Downloads/ErrorSender_v1/ErrSendWebApi/wwwroot. Static files may be unavailable.
2025-08-21 10:46:22.263 +03:00 [INF] Now listening on: http://localhost:5001
2025-08-21 10:46:22.264 +03:00 [INF] Application started. Press Ctrl+C to shut down.
2025-08-21 10:46:22.264 +03:00 [INF] Hosting environment: Development
2025-08-21 10:46:22.264 +03:00 [INF] Content root path: /Users/mac/Downloads/ErrorSender_v1/ErrSendWebApi
2025-08-21 10:46:33.505 +03:00 [INF] Request starting HTTP/1.1 GET http://localhost:5001/index.html - null null
2025-08-21 10:46:33.808 +03:00 [INF] Request finished HTTP/1.1 GET http://localhost:5001/index.html - 200 null text/html;charset=utf-8 305.192ms
2025-08-21 10:46:33.856 +03:00 [INF] Request starting HTTP/1.1 GET http://localhost:5001/swagger/Ui/theme-feeling-blue.css - null null
2025-08-21 10:46:33.924 +03:00 [WRN] Failed to determine the https port for redirect.
2025-08-21 10:46:34.007 +03:00 [INF] Request finished HTTP/1.1 GET http://localhost:5001/swagger/Ui/theme-feeling-blue.css - 404 0 null 150.6234ms
2025-08-21 10:46:34.014 +03:00 [INF] Request reached the end of the middleware pipeline without being handled by application code. Request path: GET http://localhost:5001/swagger/Ui/theme-feeling-blue.css, Response status code: 404
2025-08-21 10:46:34.507 +03:00 [INF] Request starting HTTP/1.1 GET http://localhost:5001/swagger/v1/swagger.json - null null
2025-08-21 10:46:34.805 +03:00 [INF] Request finished HTTP/1.1 GET http://localhost:5001/swagger/v1/swagger.json - 200 null application/json;charset=utf-8 298.1229ms
2025-08-21 10:46:55.007 +03:00 [INF] Request starting HTTP/1.1 POST http://localhost:5001/api/Test/GetJwtToken/JWT Токен - application/json 75
2025-08-21 10:46:55.012 +03:00 [INF] CORS policy execution successful.
2025-08-21 10:46:55.016 +03:00 [INF] Executing endpoint 'ErrSendWebApi.Controllers.TestController.GetJwtToken (ErrSendWebApi)'
2025-08-21 10:46:55.041 +03:00 [INF] Route matched with {action = "GetJwtToken", controller = "Test"}. Executing controller action with signature System.Threading.Tasks.Task`1[Microsoft.AspNetCore.Mvc.ActionResult] GetJwtToken(ErrSendApplication.DTO.JwtTokenRequest) on controller ErrSendWebApi.Controllers.TestController (ErrSendWebApi).
2025-08-21 10:46:55.105 +03:00 [INF] Executing action method ErrSendWebApi.Controllers.TestController.GetJwtToken (ErrSendWebApi) - Validation state: "Valid"
2025-08-21 10:46:55.121 +03:00 [INF] Запити: GenerateJwtTokenCommand --- {"Login":"Admin","Password":"Admin","Roles":["Admin"],"$type":"GenerateJwtTokenCommand"} 
2025-08-21 10:46:55.181 +03:00 [INF] Executed action method ErrSendWebApi.Controllers.TestController.GetJwtToken (ErrSendWebApi), returned result Microsoft.AspNetCore.Mvc.OkObjectResult in 68.2584ms.
2025-08-21 10:46:55.194 +03:00 [INF] Executing OkObjectResult, writing value of type 'ErrSendApplication.DTO.JwtTokenResponse'.
2025-08-21 10:46:55.204 +03:00 [INF] Executed action ErrSendWebApi.Controllers.TestController.GetJwtToken (ErrSendWebApi) in 157.3423ms
2025-08-21 10:46:55.205 +03:00 [INF] Executed endpoint 'ErrSendWebApi.Controllers.TestController.GetJwtToken (ErrSendWebApi)'
2025-08-21 10:46:55.205 +03:00 [INF] Request finished HTTP/1.1 POST http://localhost:5001/api/Test/GetJwtToken/JWT Токен - 200 null application/json; charset=utf-8 198.2212ms
2025-08-21 10:47:25.394 +03:00 [INF] Request starting HTTP/1.1 POST http://localhost:5001/api/Test/SendTelegramMessage/Відправка тестового повідомлення в Telegram - application/json 51
2025-08-21 10:47:25.396 +03:00 [INF] CORS policy execution successful.
2025-08-21 10:47:25.467 +03:00 [INF] Executing endpoint 'ErrSendWebApi.Controllers.TestController.SendTelegramMessage (ErrSendWebApi)'
2025-08-21 10:47:25.471 +03:00 [INF] Route matched with {action = "SendTelegramMessage", controller = "Test"}. Executing controller action with signature System.Threading.Tasks.Task`1[Microsoft.AspNetCore.Mvc.ActionResult] SendTelegramMessage(ErrSendApplication.DTO.TelegramMessageRequest) on controller ErrSendWebApi.Controllers.TestController (ErrSendWebApi).
2025-08-21 10:47:25.478 +03:00 [INF] Executing action method ErrSendWebApi.Controllers.TestController.SendTelegramMessage (ErrSendWebApi) - Validation state: "Valid"
2025-08-21 10:47:25.485 +03:00 [INF] Запити: SendTelegramMessageCommand --- {"Request":{"Message":"Test","AdditionalInfo":"Test","$type":"TelegramMessageRequest"},"$type":"SendTelegramMessageCommand"} 
2025-08-21 10:47:25.534 +03:00 [INF] Start processing HTTP request POST https://api.telegram.org/bot7304978265:AAElTsUzlb8XRX4TCnJZpEa8IfXl6oa4vjc/sendMessage
2025-08-21 10:47:25.535 +03:00 [INF] Sending HTTP request POST https://api.telegram.org/bot7304978265:AAElTsUzlb8XRX4TCnJZpEa8IfXl6oa4vjc/sendMessage
2025-08-21 10:47:26.482 +03:00 [INF] Received HTTP response headers after 943.357ms - 200
2025-08-21 10:47:26.483 +03:00 [INF] End processing HTTP request after 951.4931ms - 200
2025-08-21 10:47:26.489 +03:00 [INF] Executed action method ErrSendWebApi.Controllers.TestController.SendTelegramMessage (ErrSendWebApi), returned result Microsoft.AspNetCore.Mvc.OkObjectResult in 1010.6267ms.
2025-08-21 10:47:26.493 +03:00 [INF] Executing OkObjectResult, writing value of type '<>f__AnonymousType0`2[[System.Boolean, System.Private.CoreLib, Version=8.0.0.0, Culture=neutral, PublicKeyToken=7cec85d7bea7798e],[System.String, System.Private.CoreLib, Version=8.0.0.0, Culture=neutral, PublicKeyToken=7cec85d7bea7798e]]'.
2025-08-21 10:47:26.504 +03:00 [INF] Executed action ErrSendWebApi.Controllers.TestController.SendTelegramMessage (ErrSendWebApi) in 1032.6532ms
2025-08-21 10:47:26.506 +03:00 [INF] Executed endpoint 'ErrSendWebApi.Controllers.TestController.SendTelegramMessage (ErrSendWebApi)'
2025-08-21 10:47:26.514 +03:00 [INF] Request finished HTTP/1.1 POST http://localhost:5001/api/Test/SendTelegramMessage/Відправка тестового повідомлення в Telegram - 200 null application/json; charset=utf-8 1120.0783ms
2025-08-21 12:30:09.512 +03:00 [INF] Application is shutting down...
2025-08-21 13:09:50.971 +03:00 [INF] User profile is available. Using '/Users/mac/.aspnet/DataProtection-Keys' as key repository; keys will not be encrypted at rest.
2025-08-21 13:09:51.409 +03:00 [WRN] The WebRootPath was not found: /Users/mac/Downloads/ErrorSender_v1/ErrSendWebApi/wwwroot. Static files may be unavailable.
2025-08-21 13:09:51.433 +03:00 [INF] Now listening on: http://localhost:5001
2025-08-21 13:09:51.436 +03:00 [INF] Application started. Press Ctrl+C to shut down.
2025-08-21 13:09:51.437 +03:00 [INF] Hosting environment: Development
2025-08-21 13:09:51.437 +03:00 [INF] Content root path: /Users/mac/Downloads/ErrorSender_v1/ErrSendWebApi
2025-08-21 13:09:55.606 +03:00 [INF] Request starting HTTP/1.1 GET http://localhost:5001/index.html - null null
2025-08-21 13:09:55.762 +03:00 [INF] Request finished HTTP/1.1 GET http://localhost:5001/index.html - 200 null text/html;charset=utf-8 157.1807ms
2025-08-21 13:09:55.780 +03:00 [INF] Request starting HTTP/1.1 GET http://localhost:5001/swagger/Ui/theme-feeling-blue.css - null null
2025-08-21 13:09:55.818 +03:00 [WRN] Failed to determine the https port for redirect.
2025-08-21 13:09:55.866 +03:00 [INF] Request finished HTTP/1.1 GET http://localhost:5001/swagger/Ui/theme-feeling-blue.css - 404 0 null 86.2238ms
2025-08-21 13:09:55.869 +03:00 [INF] Request reached the end of the middleware pipeline without being handled by application code. Request path: GET http://localhost:5001/swagger/Ui/theme-feeling-blue.css, Response status code: 404
2025-08-21 13:09:55.995 +03:00 [INF] Request starting HTTP/1.1 GET http://localhost:5001/swagger/v1/swagger.json - null null
2025-08-21 13:09:56.205 +03:00 [INF] Request finished HTTP/1.1 GET http://localhost:5001/swagger/v1/swagger.json - 200 null application/json;charset=utf-8 210.349ms
2025-08-21 13:10:13.619 +03:00 [INF] Request starting HTTP/1.1 POST http://localhost:5001/api/Test/GetJwtToken/JWT Токен - application/json 75
2025-08-21 13:10:13.625 +03:00 [INF] CORS policy execution successful.
2025-08-21 13:10:13.628 +03:00 [INF] Executing endpoint 'ErrSendWebApi.Controllers.TestController.GetJwtToken (ErrSendWebApi)'
2025-08-21 13:10:13.651 +03:00 [INF] Route matched with {action = "GetJwtToken", controller = "Test"}. Executing controller action with signature System.Threading.Tasks.Task`1[Microsoft.AspNetCore.Mvc.ActionResult] GetJwtToken(ErrSendApplication.DTO.JwtTokenRequest) on controller ErrSendWebApi.Controllers.TestController (ErrSendWebApi).
2025-08-21 13:10:13.707 +03:00 [INF] Executing action method ErrSendWebApi.Controllers.TestController.GetJwtToken (ErrSendWebApi) - Validation state: "Valid"
2025-08-21 13:10:13.721 +03:00 [INF] Запити: GenerateJwtTokenCommand --- {"Login":"Admin","Password":"Admin","Roles":["Admin"],"$type":"GenerateJwtTokenCommand"} 
2025-08-21 13:10:13.770 +03:00 [INF] Executed action method ErrSendWebApi.Controllers.TestController.GetJwtToken (ErrSendWebApi), returned result Microsoft.AspNetCore.Mvc.OkObjectResult in 57.1052ms.
2025-08-21 13:10:13.781 +03:00 [INF] Executing OkObjectResult, writing value of type 'ErrSendApplication.DTO.JwtTokenResponse'.
2025-08-21 13:10:13.789 +03:00 [INF] Executed action ErrSendWebApi.Controllers.TestController.GetJwtToken (ErrSendWebApi) in 132.7085ms
2025-08-21 13:10:13.789 +03:00 [INF] Executed endpoint 'ErrSendWebApi.Controllers.TestController.GetJwtToken (ErrSendWebApi)'
2025-08-21 13:10:13.789 +03:00 [INF] Request finished HTTP/1.1 POST http://localhost:5001/api/Test/GetJwtToken/JWT Токен - 200 null application/json; charset=utf-8 169.6929ms
2025-08-21 13:11:01.196 +03:00 [INF] Request starting HTTP/1.1 POST http://localhost:5001/api/Test/SendTelegramMessage/Відправка тестового повідомлення в Telegram - application/json 209
2025-08-21 13:11:01.199 +03:00 [INF] CORS policy execution successful.
2025-08-21 13:11:01.273 +03:00 [INF] Executing endpoint 'ErrSendWebApi.Controllers.TestController.SendTelegramMessage (ErrSendWebApi)'
2025-08-21 13:11:01.278 +03:00 [INF] Route matched with {action = "SendTelegramMessage", controller = "Test"}. Executing controller action with signature System.Threading.Tasks.Task`1[Microsoft.AspNetCore.Mvc.ActionResult] SendTelegramMessage(ErrSendApplication.DTO.TelegramMessageRequest) on controller ErrSendWebApi.Controllers.TestController (ErrSendWebApi).
2025-08-21 13:11:01.285 +03:00 [INF] Executing action method ErrSendWebApi.Controllers.TestController.SendTelegramMessage (ErrSendWebApi) - Validation state: "Valid"
2025-08-21 13:11:01.292 +03:00 [INF] Запити: SendTelegramMessageCommand --- {"Request":{"Message":"Тестування Відправки повідомлення","AdditionalInfo":"Це тестове повідомлення на спроможність роботи сервісу","$type":"TelegramMessageRequest"},"$type":"SendTelegramMessageCommand"} 
2025-08-21 13:11:01.360 +03:00 [INF] Start processing HTTP request POST https://api.telegram.org/bot7304978265:AAElTsUzlb8XRX4TCnJZpEa8IfXl6oa4vjc/sendMessage
2025-08-21 13:11:01.361 +03:00 [INF] Sending HTTP request POST https://api.telegram.org/bot7304978265:AAElTsUzlb8XRX4TCnJZpEa8IfXl6oa4vjc/sendMessage
2025-08-21 13:11:01.808 +03:00 [INF] Received HTTP response headers after 442.7177ms - 200
2025-08-21 13:11:01.809 +03:00 [INF] End processing HTTP request after 451.7769ms - 200
2025-08-21 13:11:01.813 +03:00 [INF] Telegram message sent. ChatId: -4795023420, Length: 201
2025-08-21 13:11:01.816 +03:00 [INF] Executed action method ErrSendWebApi.Controllers.TestController.SendTelegramMessage (ErrSendWebApi), returned result Microsoft.AspNetCore.Mvc.OkObjectResult in 531.1896ms.
2025-08-21 13:11:01.821 +03:00 [INF] Executing OkObjectResult, writing value of type '<>f__AnonymousType0`2[[System.Boolean, System.Private.CoreLib, Version=8.0.0.0, Culture=neutral, PublicKeyToken=7cec85d7bea7798e],[System.String, System.Private.CoreLib, Version=8.0.0.0, Culture=neutral, PublicKeyToken=7cec85d7bea7798e]]'.
2025-08-21 13:11:01.832 +03:00 [INF] Executed action ErrSendWebApi.Controllers.TestController.SendTelegramMessage (ErrSendWebApi) in 554.6181ms
2025-08-21 13:11:01.834 +03:00 [INF] Executed endpoint 'ErrSendWebApi.Controllers.TestController.SendTelegramMessage (ErrSendWebApi)'
2025-08-21 13:11:01.843 +03:00 [INF] Request finished HTTP/1.1 POST http://localhost:5001/api/Test/SendTelegramMessage/Відправка тестового повідомлення в Telegram - 200 null application/json; charset=utf-8 646.6736ms
